[0.164s] DEBUG:colcon:Command line arguments: ['/usr/bin/colcon', 'build', '--symlink-install']
[0.164s] DEBUG:colcon:Parsed command line arguments: Namespace(log_base=None, log_level=None, verb_name='build', build_base='build', install_base='install', merge_install=False, symlink_install=True, test_result_base=None, continue_on_error=False, executor='parallel', parallel_workers=8, event_handlers=None, ignore_user_meta=False, metas=['./colcon.meta'], base_paths=['.'], packages_ignore=None, packages_ignore_regex=None, paths=None, packages_up_to=None, packages_up_to_regex=None, packages_above=None, packages_above_and_dependencies=None, packages_above_depth=None, packages_select_by_dep=None, packages_skip_by_dep=None, packages_skip_up_to=None, packages_select_build_failed=False, packages_skip_build_finished=False, packages_select_test_failures=False, packages_skip_test_passed=False, packages_select=None, packages_skip=None, packages_select_regex=None, packages_skip_regex=None, packages_start=None, packages_end=None, allow_overriding=[], cmake_args=None, cmake_target=None, cmake_target_skip_unavailable=False, cmake_clean_cache=False, cmake_clean_first=False, cmake_force_configure=False, ament_cmake_args=None, catkin_cmake_args=None, catkin_skip_building_tests=False, verb_parser=<colcon_defaults.argument_parser.defaults.DefaultArgumentsDecorator object at 0x7ac6f035dde0>, verb_extension=<colcon_core.verb.build.BuildVerb object at 0x7ac6f0462b00>, main=<bound method BuildVerb.main of <colcon_core.verb.build.BuildVerb object at 0x7ac6f0462b00>>)
[0.486s] Level 1:colcon.colcon_core.package_discovery:discover_packages(colcon_meta) check parameters
[0.486s] Level 1:colcon.colcon_core.package_discovery:discover_packages(recursive) check parameters
[0.486s] Level 1:colcon.colcon_core.package_discovery:discover_packages(ignore) check parameters
[0.486s] Level 1:colcon.colcon_core.package_discovery:discover_packages(path) check parameters
[0.486s] Level 1:colcon.colcon_core.package_discovery:discover_packages(colcon_meta) discover
[0.486s] Level 1:colcon.colcon_core.package_discovery:discover_packages(recursive) discover
[0.486s] INFO:colcon.colcon_core.package_discovery:Crawling recursively for packages in '/home/vithesh/dev_ws/src/ros2_ws/src'
[0.487s] Level 1:colcon.colcon_core.package_identification:_identify(.) by extensions ['ignore', 'ignore_ament_install']
[0.487s] Level 1:colcon.colcon_core.package_identification:_identify(.) by extension 'ignore'
[0.487s] Level 1:colcon.colcon_core.package_identification:_identify(.) by extension 'ignore_ament_install'
[0.487s] Level 1:colcon.colcon_core.package_identification:_identify(.) by extensions ['colcon_pkg']
[0.487s] Level 1:colcon.colcon_core.package_identification:_identify(.) by extension 'colcon_pkg'
[0.487s] Level 1:colcon.colcon_core.package_identification:_identify(.) by extensions ['colcon_meta']
[0.487s] Level 1:colcon.colcon_core.package_identification:_identify(.) by extension 'colcon_meta'
[0.487s] Level 1:colcon.colcon_core.package_identification:_identify(.) by extensions ['ros']
[0.487s] Level 1:colcon.colcon_core.package_identification:_identify(.) by extension 'ros'
[0.512s] Level 1:colcon.colcon_core.package_identification:_identify(.) by extensions ['cmake', 'python']
[0.512s] Level 1:colcon.colcon_core.package_identification:_identify(.) by extension 'cmake'
[0.512s] Level 1:colcon.colcon_core.package_identification:_identify(.) by extension 'python'
[0.512s] Level 1:colcon.colcon_core.package_identification:_identify(.) by extensions ['python_setup_py']
[0.512s] Level 1:colcon.colcon_core.package_identification:_identify(.) by extension 'python_setup_py'
[0.513s] Level 1:colcon.colcon_core.package_identification:_identify(build) by extensions ['ignore', 'ignore_ament_install']
[0.513s] Level 1:colcon.colcon_core.package_identification:_identify(build) by extension 'ignore'
[0.513s] Level 1:colcon.colcon_core.package_identification:_identify(build) ignored
[0.513s] Level 1:colcon.colcon_core.package_identification:_identify(install) by extensions ['ignore', 'ignore_ament_install']
[0.513s] Level 1:colcon.colcon_core.package_identification:_identify(install) by extension 'ignore'
[0.513s] Level 1:colcon.colcon_core.package_identification:_identify(install) ignored
[0.513s] Level 1:colcon.colcon_core.package_identification:_identify(log) by extensions ['ignore', 'ignore_ament_install']
[0.513s] Level 1:colcon.colcon_core.package_identification:_identify(log) by extension 'ignore'
[0.514s] Level 1:colcon.colcon_core.package_identification:_identify(log) ignored
[0.514s] Level 1:colcon.colcon_core.package_identification:_identify(wallebot) by extensions ['ignore', 'ignore_ament_install']
[0.514s] Level 1:colcon.colcon_core.package_identification:_identify(wallebot) by extension 'ignore'
[0.514s] Level 1:colcon.colcon_core.package_identification:_identify(wallebot) by extension 'ignore_ament_install'
[0.514s] Level 1:colcon.colcon_core.package_identification:_identify(wallebot) by extensions ['colcon_pkg']
[0.514s] Level 1:colcon.colcon_core.package_identification:_identify(wallebot) by extension 'colcon_pkg'
[0.514s] Level 1:colcon.colcon_core.package_identification:_identify(wallebot) by extensions ['colcon_meta']
[0.514s] Level 1:colcon.colcon_core.package_identification:_identify(wallebot) by extension 'colcon_meta'
[0.514s] Level 1:colcon.colcon_core.package_identification:_identify(wallebot) by extensions ['ros']
[0.514s] Level 1:colcon.colcon_core.package_identification:_identify(wallebot) by extension 'ros'
[0.518s] DEBUG:colcon.colcon_core.package_identification:Package 'wallebot' with type 'ros.ament_cmake' and name 'wallebot'
[0.518s] Level 1:colcon.colcon_core.package_discovery:discover_packages(recursive) using defaults
[0.518s] Level 1:colcon.colcon_core.package_discovery:discover_packages(ignore) discover
[0.518s] Level 1:colcon.colcon_core.package_discovery:discover_packages(ignore) using defaults
[0.518s] Level 1:colcon.colcon_core.package_discovery:discover_packages(path) discover
[0.518s] Level 1:colcon.colcon_core.package_discovery:discover_packages(path) using defaults
[0.546s] Level 1:colcon.colcon_core.package_discovery:discover_packages(prefix_path) check parameters
[0.546s] Level 1:colcon.colcon_core.package_discovery:discover_packages(prefix_path) discover
[0.548s] DEBUG:colcon.colcon_installed_package_information.package_discovery:Found 2 installed packages in /home/vithesh/dev_ws/src/ydlidar_ws/install
[0.550s] DEBUG:colcon.colcon_installed_package_information.package_discovery:Found 336 installed packages in /opt/ros/iron
[0.553s] Level 1:colcon.colcon_core.package_discovery:discover_packages(prefix_path) using defaults
[0.623s] Level 5:colcon.colcon_core.verb:set package 'wallebot' build argument 'cmake_args' from command line to 'None'
[0.623s] Level 5:colcon.colcon_core.verb:set package 'wallebot' build argument 'cmake_target' from command line to 'None'
[0.623s] Level 5:colcon.colcon_core.verb:set package 'wallebot' build argument 'cmake_target_skip_unavailable' from command line to 'False'
[0.624s] Level 5:colcon.colcon_core.verb:set package 'wallebot' build argument 'cmake_clean_cache' from command line to 'False'
[0.624s] Level 5:colcon.colcon_core.verb:set package 'wallebot' build argument 'cmake_clean_first' from command line to 'False'
[0.624s] Level 5:colcon.colcon_core.verb:set package 'wallebot' build argument 'cmake_force_configure' from command line to 'False'
[0.624s] Level 5:colcon.colcon_core.verb:set package 'wallebot' build argument 'ament_cmake_args' from command line to 'None'
[0.624s] Level 5:colcon.colcon_core.verb:set package 'wallebot' build argument 'catkin_cmake_args' from command line to 'None'
[0.624s] Level 5:colcon.colcon_core.verb:set package 'wallebot' build argument 'catkin_skip_building_tests' from command line to 'False'
[0.624s] DEBUG:colcon.colcon_core.verb:Building package 'wallebot' with the following arguments: {'ament_cmake_args': None, 'build_base': '/home/vithesh/dev_ws/src/ros2_ws/src/build/wallebot', 'catkin_cmake_args': None, 'catkin_skip_building_tests': False, 'cmake_args': None, 'cmake_clean_cache': False, 'cmake_clean_first': False, 'cmake_force_configure': False, 'cmake_target': None, 'cmake_target_skip_unavailable': False, 'install_base': '/home/vithesh/dev_ws/src/ros2_ws/src/install/wallebot', 'merge_install': False, 'path': '/home/vithesh/dev_ws/src/ros2_ws/src/wallebot', 'symlink_install': True, 'test_result_base': None}
[0.624s] INFO:colcon.colcon_core.executor:Executing jobs using 'parallel' executor
[0.625s] DEBUG:colcon.colcon_parallel_executor.executor.parallel:run_until_complete
[0.626s] INFO:colcon.colcon_ros.task.ament_cmake.build:Building ROS package in '/home/vithesh/dev_ws/src/ros2_ws/src/wallebot' with build type 'ament_cmake'
[0.626s] INFO:colcon.colcon_cmake.task.cmake.build:Building CMake package in '/home/vithesh/dev_ws/src/ros2_ws/src/wallebot'
[0.628s] INFO:colcon.colcon_core.plugin_system:Skipping extension 'colcon_core.shell.bat': Not used on non-Windows systems
[0.629s] INFO:colcon.colcon_core.shell:Skip shell extension 'powershell' for command environment: Not usable outside of PowerShell
[0.629s] DEBUG:colcon.colcon_core.shell:Skip shell extension 'dsv' for command environment
[0.640s] DEBUG:colcon.colcon_core.event_handler.log_command:Invoking command in '/home/vithesh/dev_ws/src/ros2_ws/src/build/wallebot': CMAKE_PREFIX_PATH=${CMAKE_PREFIX_PATH}:/opt/ros/iron /usr/bin/cmake /home/vithesh/dev_ws/src/ros2_ws/src/wallebot -DAMENT_CMAKE_SYMLINK_INSTALL=1 -DCMAKE_INSTALL_PREFIX=/home/vithesh/dev_ws/src/ros2_ws/src/install/wallebot
[1.592s] DEBUG:colcon.colcon_core.event_handler.log_command:Invoked command in '/home/vithesh/dev_ws/src/ros2_ws/src/build/wallebot' returned '0': CMAKE_PREFIX_PATH=${CMAKE_PREFIX_PATH}:/opt/ros/iron /usr/bin/cmake /home/vithesh/dev_ws/src/ros2_ws/src/wallebot -DAMENT_CMAKE_SYMLINK_INSTALL=1 -DCMAKE_INSTALL_PREFIX=/home/vithesh/dev_ws/src/ros2_ws/src/install/wallebot
[1.594s] DEBUG:colcon.colcon_core.event_handler.log_command:Invoking command in '/home/vithesh/dev_ws/src/ros2_ws/src/build/wallebot': CMAKE_PREFIX_PATH=${CMAKE_PREFIX_PATH}:/opt/ros/iron /usr/bin/cmake --build /home/vithesh/dev_ws/src/ros2_ws/src/build/wallebot -- -j8 -l8
[1.647s] DEBUG:colcon.colcon_core.event_handler.log_command:Invoked command in '/home/vithesh/dev_ws/src/ros2_ws/src/build/wallebot' returned '0': CMAKE_PREFIX_PATH=${CMAKE_PREFIX_PATH}:/opt/ros/iron /usr/bin/cmake --build /home/vithesh/dev_ws/src/ros2_ws/src/build/wallebot -- -j8 -l8
[1.697s] DEBUG:colcon.colcon_core.event_handler.log_command:Invoking command in '/home/vithesh/dev_ws/src/ros2_ws/src/build/wallebot': CMAKE_PREFIX_PATH=${CMAKE_PREFIX_PATH}:/opt/ros/iron /usr/bin/cmake --install /home/vithesh/dev_ws/src/ros2_ws/src/build/wallebot
[1.995s] Level 1:colcon.colcon_core.environment:create_environment_scripts_only(wallebot)
[1.996s] DEBUG:colcon.colcon_core.event_handler.log_command:Invoked command in '/home/vithesh/dev_ws/src/ros2_ws/src/build/wallebot' returned '0': CMAKE_PREFIX_PATH=${CMAKE_PREFIX_PATH}:/opt/ros/iron /usr/bin/cmake --install /home/vithesh/dev_ws/src/ros2_ws/src/build/wallebot
[1.999s] Level 1:colcon.colcon_core.environment:checking '/home/vithesh/dev_ws/src/ros2_ws/src/install/wallebot' for CMake module files
[1.999s] Level 1:colcon.colcon_core.environment:checking '/home/vithesh/dev_ws/src/ros2_ws/src/install/wallebot' for CMake config files
[2.000s] Level 1:colcon.colcon_core.shell:create_environment_hook('wallebot', 'cmake_prefix_path')
[2.000s] INFO:colcon.colcon_core.shell:Creating environment hook '/home/vithesh/dev_ws/src/ros2_ws/src/install/wallebot/share/wallebot/hook/cmake_prefix_path.ps1'
[2.001s] INFO:colcon.colcon_core.shell:Creating environment descriptor '/home/vithesh/dev_ws/src/ros2_ws/src/install/wallebot/share/wallebot/hook/cmake_prefix_path.dsv'
[2.001s] INFO:colcon.colcon_core.shell:Creating environment hook '/home/vithesh/dev_ws/src/ros2_ws/src/install/wallebot/share/wallebot/hook/cmake_prefix_path.sh'
[2.002s] Level 1:colcon.colcon_core.environment:checking '/home/vithesh/dev_ws/src/ros2_ws/src/install/wallebot/bin'
[2.002s] Level 1:colcon.colcon_core.environment:checking '/home/vithesh/dev_ws/src/ros2_ws/src/install/wallebot/lib/pkgconfig/wallebot.pc'
[2.003s] Level 1:colcon.colcon_core.environment:checking '/home/vithesh/dev_ws/src/ros2_ws/src/install/wallebot/lib/python3.10/site-packages'
[2.003s] Level 1:colcon.colcon_core.environment:checking '/home/vithesh/dev_ws/src/ros2_ws/src/install/wallebot/bin'
[2.003s] INFO:colcon.colcon_core.shell:Creating package script '/home/vithesh/dev_ws/src/ros2_ws/src/install/wallebot/share/wallebot/package.ps1'
[2.005s] INFO:colcon.colcon_core.shell:Creating package descriptor '/home/vithesh/dev_ws/src/ros2_ws/src/install/wallebot/share/wallebot/package.dsv'
[2.005s] INFO:colcon.colcon_core.shell:Creating package script '/home/vithesh/dev_ws/src/ros2_ws/src/install/wallebot/share/wallebot/package.sh'
[2.006s] INFO:colcon.colcon_core.shell:Creating package script '/home/vithesh/dev_ws/src/ros2_ws/src/install/wallebot/share/wallebot/package.bash'
[2.007s] INFO:colcon.colcon_core.shell:Creating package script '/home/vithesh/dev_ws/src/ros2_ws/src/install/wallebot/share/wallebot/package.zsh'
[2.008s] Level 1:colcon.colcon_core.environment:create_file_with_runtime_dependencies(/home/vithesh/dev_ws/src/ros2_ws/src/install/wallebot/share/colcon-core/packages/wallebot)
[2.039s] Level 1:colcon.colcon_core.environment:create_environment_scripts_only(wallebot)
[2.039s] Level 1:colcon.colcon_core.environment:checking '/home/vithesh/dev_ws/src/ros2_ws/src/install/wallebot' for CMake module files
[2.040s] Level 1:colcon.colcon_core.environment:checking '/home/vithesh/dev_ws/src/ros2_ws/src/install/wallebot' for CMake config files
[2.040s] Level 1:colcon.colcon_core.shell:create_environment_hook('wallebot', 'cmake_prefix_path')
[2.040s] INFO:colcon.colcon_core.shell:Creating environment hook '/home/vithesh/dev_ws/src/ros2_ws/src/install/wallebot/share/wallebot/hook/cmake_prefix_path.ps1'
[2.041s] INFO:colcon.colcon_core.shell:Creating environment descriptor '/home/vithesh/dev_ws/src/ros2_ws/src/install/wallebot/share/wallebot/hook/cmake_prefix_path.dsv'
[2.041s] INFO:colcon.colcon_core.shell:Creating environment hook '/home/vithesh/dev_ws/src/ros2_ws/src/install/wallebot/share/wallebot/hook/cmake_prefix_path.sh'
[2.042s] Level 1:colcon.colcon_core.environment:checking '/home/vithesh/dev_ws/src/ros2_ws/src/install/wallebot/bin'
[2.042s] Level 1:colcon.colcon_core.environment:checking '/home/vithesh/dev_ws/src/ros2_ws/src/install/wallebot/lib/pkgconfig/wallebot.pc'
[2.042s] Level 1:colcon.colcon_core.environment:checking '/home/vithesh/dev_ws/src/ros2_ws/src/install/wallebot/lib/python3.10/site-packages'
[2.043s] Level 1:colcon.colcon_core.environment:checking '/home/vithesh/dev_ws/src/ros2_ws/src/install/wallebot/bin'
[2.043s] INFO:colcon.colcon_core.shell:Creating package script '/home/vithesh/dev_ws/src/ros2_ws/src/install/wallebot/share/wallebot/package.ps1'
[2.044s] INFO:colcon.colcon_core.shell:Creating package descriptor '/home/vithesh/dev_ws/src/ros2_ws/src/install/wallebot/share/wallebot/package.dsv'
[2.044s] INFO:colcon.colcon_core.shell:Creating package script '/home/vithesh/dev_ws/src/ros2_ws/src/install/wallebot/share/wallebot/package.sh'
[2.045s] INFO:colcon.colcon_core.shell:Creating package script '/home/vithesh/dev_ws/src/ros2_ws/src/install/wallebot/share/wallebot/package.bash'
[2.045s] INFO:colcon.colcon_core.shell:Creating package script '/home/vithesh/dev_ws/src/ros2_ws/src/install/wallebot/share/wallebot/package.zsh'
[2.046s] Level 1:colcon.colcon_core.environment:create_file_with_runtime_dependencies(/home/vithesh/dev_ws/src/ros2_ws/src/install/wallebot/share/colcon-core/packages/wallebot)
[2.046s] DEBUG:colcon.colcon_parallel_executor.executor.parallel:closing loop
[2.046s] DEBUG:colcon.colcon_parallel_executor.executor.parallel:loop closed
[2.046s] DEBUG:colcon.colcon_parallel_executor.executor.parallel:run_until_complete finished with '0'
[2.046s] DEBUG:colcon.colcon_core.event_reactor:joining thread
[2.053s] INFO:colcon.colcon_core.plugin_system:Skipping extension 'colcon_notification.desktop_notification.terminal_notifier': Not used on non-Darwin systems
[2.053s] INFO:colcon.colcon_core.plugin_system:Skipping extension 'colcon_notification.desktop_notification.win32': Not used on non-Windows systems
[2.053s] INFO:colcon.colcon_notification.desktop_notification:Sending desktop notification using 'notify2'
[2.068s] DEBUG:colcon.colcon_core.event_reactor:joined thread
[2.069s] INFO:colcon.colcon_core.shell:Creating prefix script '/home/vithesh/dev_ws/src/ros2_ws/src/install/local_setup.ps1'
[2.070s] INFO:colcon.colcon_core.shell:Creating prefix util module '/home/vithesh/dev_ws/src/ros2_ws/src/install/_local_setup_util_ps1.py'
[2.071s] INFO:colcon.colcon_core.shell:Creating prefix chain script '/home/vithesh/dev_ws/src/ros2_ws/src/install/setup.ps1'
[2.073s] INFO:colcon.colcon_core.shell:Creating prefix script '/home/vithesh/dev_ws/src/ros2_ws/src/install/local_setup.sh'
[2.073s] INFO:colcon.colcon_core.shell:Creating prefix util module '/home/vithesh/dev_ws/src/ros2_ws/src/install/_local_setup_util_sh.py'
[2.074s] INFO:colcon.colcon_core.shell:Creating prefix chain script '/home/vithesh/dev_ws/src/ros2_ws/src/install/setup.sh'
[2.075s] INFO:colcon.colcon_core.shell:Creating prefix script '/home/vithesh/dev_ws/src/ros2_ws/src/install/local_setup.bash'
[2.076s] INFO:colcon.colcon_core.shell:Creating prefix chain script '/home/vithesh/dev_ws/src/ros2_ws/src/install/setup.bash'
[2.078s] INFO:colcon.colcon_core.shell:Creating prefix script '/home/vithesh/dev_ws/src/ros2_ws/src/install/local_setup.zsh'
[2.078s] INFO:colcon.colcon_core.shell:Creating prefix chain script '/home/vithesh/dev_ws/src/ros2_ws/src/install/setup.zsh'
