-- The C compiler identification is GNU 11.4.0
-- The CXX compiler identification is GNU 11.4.0
-- Detecting C compiler ABI info
-- Detecting C compiler ABI info - done
-- Check for working C compiler: /usr/bin/cc - skipped
-- Detecting C compile features
-- Detecting C compile features - done
-- Detecting CXX compiler ABI info
-- Detecting CXX compiler ABI info - done
-- Check for working CXX compiler: /usr/bin/c++ - skipped
-- Detecting CXX compile features
-- Detecting CXX compile features - done
-- Found ament_cmake: 2.0.4 (/opt/ros/iron/share/ament_cmake/cmake)
-- Found Python3: /usr/bin/python3.10 (found version "3.10.12") found components: Interpreter 
-- Override CMake install command with custom implementation using symlinks instead of copying resources
-- Found ament_lint_auto: 0.14.3 (/opt/ros/iron/share/ament_lint_auto/cmake)
-- Added test 'copyright' to check source files copyright and LICENSE
-- Added test 'cppcheck' to perform static code analysis on C / C++ code
-- Configured cppcheck include dirs: 
-- Configured cppcheck exclude dirs and/or files: 
-- Added test 'cpplint' to check C / C++ code against the Google style
-- Configured cpplint exclude dirs and/or files: 
-- Added test 'flake8' to check Python code syntax and style conventions
-- Configured 'flake8' exclude dirs and/or files: 
-- Added test 'lint_cmake' to check CMake code style
-- Added test 'pep257' to check Python code against some of the docstring style conventions in PEP 257
-- Added test 'uncrustify' to check C / C++ code style
-- Configured uncrustify additional arguments: 
-- Added test 'xmllint' to check XML markup files
-- Configuring done
-- Generating done
-- Build files have been written to: /home/vithesh/dev_ws/src/ros2_ws/src/build/wallebot
-- Install configuration: ""
-- Execute custom install script
-- Symlinking: /home/vithesh/dev_ws/src/ros2_ws/src/install/wallebot/share/wallebot/config/empty.yaml
-- Symlinking: /home/vithesh/dev_ws/src/ros2_ws/src/install/wallebot/share/wallebot/config/mapper_params_online_async.yaml
-- Symlinking: /home/vithesh/dev_ws/src/ros2_ws/src/install/wallebot/share/wallebot/config/view_bot.rviz
-- Symlinking: /home/vithesh/dev_ws/src/ros2_ws/src/install/wallebot/share/wallebot/description/inertial_macros.xacro
-- Symlinking: /home/vithesh/dev_ws/src/ros2_ws/src/install/wallebot/share/wallebot/description/robot.urdf.xacro
-- Symlinking: /home/vithesh/dev_ws/src/ros2_ws/src/install/wallebot/share/wallebot/description/robot_core.xacro
-- Symlinking: /home/vithesh/dev_ws/src/ros2_ws/src/install/wallebot/share/wallebot/launch/rsp.launch.py
-- Symlinking: /home/vithesh/dev_ws/src/ros2_ws/src/install/wallebot/share/wallebot/worlds/empty.world
-- Symlinking: /home/vithesh/dev_ws/src/ros2_ws/src/install/wallebot/share/ament_index/resource_index/package_run_dependencies/wallebot
-- Symlinking: /home/vithesh/dev_ws/src/ros2_ws/src/install/wallebot/share/ament_index/resource_index/parent_prefix_path/wallebot
-- Symlinking: /home/vithesh/dev_ws/src/ros2_ws/src/install/wallebot/share/wallebot/environment/ament_prefix_path.sh
-- Symlinking: /home/vithesh/dev_ws/src/ros2_ws/src/install/wallebot/share/wallebot/environment/ament_prefix_path.dsv
-- Symlinking: /home/vithesh/dev_ws/src/ros2_ws/src/install/wallebot/share/wallebot/environment/path.sh
-- Symlinking: /home/vithesh/dev_ws/src/ros2_ws/src/install/wallebot/share/wallebot/environment/path.dsv
-- Symlinking: /home/vithesh/dev_ws/src/ros2_ws/src/install/wallebot/share/wallebot/local_setup.bash
-- Symlinking: /home/vithesh/dev_ws/src/ros2_ws/src/install/wallebot/share/wallebot/local_setup.sh
-- Symlinking: /home/vithesh/dev_ws/src/ros2_ws/src/install/wallebot/share/wallebot/local_setup.zsh
-- Symlinking: /home/vithesh/dev_ws/src/ros2_ws/src/install/wallebot/share/wallebot/local_setup.dsv
-- Symlinking: /home/vithesh/dev_ws/src/ros2_ws/src/install/wallebot/share/wallebot/package.dsv
-- Symlinking: /home/vithesh/dev_ws/src/ros2_ws/src/install/wallebot/share/ament_index/resource_index/packages/wallebot
-- Symlinking: /home/vithesh/dev_ws/src/ros2_ws/src/install/wallebot/share/wallebot/cmake/wallebotConfig.cmake
-- Symlinking: /home/vithesh/dev_ws/src/ros2_ws/src/install/wallebot/share/wallebot/cmake/wallebotConfig-version.cmake
-- Symlinking: /home/vithesh/dev_ws/src/ros2_ws/src/install/wallebot/share/wallebot/package.xml
